r:\source\proj\powerproject\src\power_project\client\debug\client.pch
r:\source\proj\powerproject\src\power_project\client\debug\vc120.pdb
r:\source\proj\powerproject\src\power_project\client\debug\stdafx.obj
r:\source\proj\powerproject\src\power_project\client\debug\powerproject.obj
r:\source\proj\powerproject\src\power_project\client\debug\naviwidget.obj
r:\source\proj\powerproject\src\power_project\client\debug\mainwidget.obj
r:\source\proj\powerproject\src\power_project\client\debug\main.obj
r:\source\proj\powerproject\src\power_project\client\debug\login.obj
r:\source\proj\powerproject\src\power_project\client\debug\moc_powerproject.obj
r:\source\proj\powerproject\src\power_project\client\debug\moc_naviwidget.obj
r:\source\proj\powerproject\src\power_project\client\debug\moc_mainwidget.obj
r:\source\proj\powerproject\src\power_project\client\debug\moc_login.obj
r:\source\proj\powerproject\src\power_project\client\debug\moc_client.obj
r:\source\proj\powerproject\src\power_project\client\debug\designer.obj
r:\source\proj\powerproject\src\power_project\client\debug\client.obj
r:\source\proj\powerproject\src\power_project\client\debug\qrc_powerproject.obj
r:\source\proj\powerproject\src\power_project\client\generatedfiles\debug\moc_powerproject.cpp
r:\source\proj\powerproject\src\power_project\client\generatedfiles\debug\moc_mainwidget.cpp
r:\source\proj\powerproject\src\power_project\client\generatedfiles\debug\moc_naviwidget.cpp
r:\source\proj\powerproject\src\power_project\client\generatedfiles\debug\moc_login.cpp
r:\source\proj\powerproject\src\power_project\client\generatedfiles\ui_powerproject.h
r:\source\proj\powerproject\src\power_project\client\generatedfiles\qrc_powerproject.cpp
r:\source\proj\powerproject\src\power_project\client\generatedfiles\ui_login.h
r:\source\proj\powerproject\src\power_project\client\generatedfiles\debug\moc_client.cpp
r:\source\proj\powerproject\src\power_project\client\debug\power_project.res
r:\source\proj\powerproject\src\power_project\win32\debug\client.pdb
r:\source\proj\powerproject\src\power_project\client\debug\client.tlog\cl.command.1.tlog
r:\source\proj\powerproject\src\power_project\client\debug\client.tlog\cl.read.1.tlog
r:\source\proj\powerproject\src\power_project\client\debug\client.tlog\cl.write.1.tlog
r:\source\proj\powerproject\src\power_project\client\debug\client.tlog\custombuild.command.1.tlog
r:\source\proj\powerproject\src\power_project\client\debug\client.tlog\custombuild.read.1.tlog
r:\source\proj\powerproject\src\power_project\client\debug\client.tlog\custombuild.write.1.tlog
r:\source\proj\powerproject\src\power_project\client\debug\client.tlog\link.command.1.tlog
r:\source\proj\powerproject\src\power_project\client\debug\client.tlog\link.read.1.tlog
r:\source\proj\powerproject\src\power_project\client\debug\client.tlog\link.write.1.tlog
r:\source\proj\powerproject\src\power_project\client\debug\client.tlog\rc.command.1.tlog
r:\source\proj\powerproject\src\power_project\client\debug\client.tlog\rc.read.1.tlog
r:\source\proj\powerproject\src\power_project\client\debug\client.tlog\rc.write.1.tlog
